Using pre-set license
Built from '2020.3/staging' branch; Version is '2020.3.6f1 (338bb68529b2) revision 3378102'; Using compiler version '192528614'; Build Type 'Release'
OS: 'Windows 10 Pro; OS build 19042.1165; Version 2009; 64bit' Language: 'en' Physical Memory: 32512 MB
BatchMode: 1, IsHumanControllingUs: 0, StartBugReporterOnCrash: 0, Is64bit: 1, IsPro: 0

 COMMAND LINE ARGUMENTS:
C:\Program Files\Unity\Hub\Editor\2020.3.6f1\Editor\Unity.exe
-adb2
-batchMode
-noUpm
-name
AssetImportWorker0
-projectPath
C:/github/unity_compute/ComputeGrid
-logFile
Logs/AssetImportWorker0.log
-srvPort
53588
Successfully changed project path to: C:/github/unity_compute/ComputeGrid
C:/github/unity_compute/ComputeGrid
Using Asset Import Pipeline V2.
Refreshing native plugins compatible for Editor in 22.17 ms, found 0 plugins.
Preloading 0 native plugins for Editor in 0.00 ms.
Initialize engine version: 2020.3.6f1 (338bb68529b2)
[Subsystems] Discovering subsystems at path C:/Program Files/Unity/Hub/Editor/2020.3.6f1/Editor/Data/Resources/UnitySubsystems
[Subsystems] Discovering subsystems at path C:/github/unity_compute/ComputeGrid/Assets
GfxDevice: creating device client; threaded=0
Direct3D:
    Version:  Direct3D 11.0 [level 11.1]
    Renderer: NVIDIA Quadro RTX 3000 with Max-Q Design (ID=0x1f36)
    Vendor:   
    VRAM:     5980 MB
    Driver:   27.21.14.6231
Initialize mono
Mono path[0] = 'C:/Program Files/Unity/Hub/Editor/2020.3.6f1/Editor/Data/Managed'
Mono path[1] = 'C:/Program Files/Unity/Hub/Editor/2020.3.6f1/Editor/Data/MonoBleedingEdge/lib/mono/unityjit'
Mono config path = 'C:/Program Files/Unity/Hub/Editor/2020.3.6f1/Editor/Data/MonoBleedingEdge/etc'
Using monoOptions --debugger-agent=transport=dt_socket,embedding=1,server=y,suspend=n,address=127.0.0.1:56784
Begin MonoManager ReloadAssembly
Registering precompiled unity dll's ...
Register platform support module: C:/Program Files/Unity/Hub/Editor/2020.3.6f1/Editor/Data/PlaybackEngines/WindowsStandaloneSupport/UnityEditor.WindowsStandalone.Extensions.dll
Registered in 0.001687 seconds.
Native extension for WindowsStandalone target not found
Refreshing native plugins compatible for Editor in 19.53 ms, found 0 plugins.
Preloading 0 native plugins for Editor in 0.00 ms.
Mono: successfully reloaded assembly
- Completed reload, in  0.877 seconds
Platform modules already initialized, skipping
Registering precompiled user dll's ...
Registered in 0.000764 seconds.
Begin MonoManager ReloadAssembly
Native extension for WindowsStandalone target not found
Refreshing native plugins compatible for Editor in 0.18 ms, found 0 plugins.
Preloading 0 native plugins for Editor in 0.00 ms.
Mono: successfully reloaded assembly
- Completed reload, in  0.715 seconds
Platform modules already initialized, skipping
========================================================================
Worker process is ready to serve import requests
Launched and connected shader compiler UnityShaderCompiler.exe after 0.07 seconds
Refreshing native plugins compatible for Editor in 0.23 ms, found 0 plugins.
Preloading 0 native plugins for Editor in 0.00 ms.
Unloading 1120 Unused Serialized files (Serialized files now loaded: 0)
System memory in use before: 57.4 MB.
System memory in use after: 57.4 MB.

Unloading 10 unused Assets to reduce memory usage. Loaded Objects now: 1562.
Total: 2.036500 ms (FindLiveObjects: 0.165600 ms CreateObjectMapping: 0.089100 ms MarkObjects: 1.628300 ms  DeleteObjects: 0.152200 ms)

========================================================================
Received Import Request.
  path: Assets/Scripts/Grid2D.cs
  artifactKey: Guid(e17056b361776334eae13f3f18f859dd) Importer(815301076,1909f56bfc062723c751e8b465ee728b)
Start importing Assets/Scripts/Grid2D.cs using Guid(e17056b361776334eae13f3f18f859dd) Importer(815301076,1909f56bfc062723c751e8b465ee728b)  -> (artifact id: '2453e62f0f5d1bba6f3aee6a7e5d8e79') in 0.035177 seconds
  Import took 0.037218 seconds .

========================================================================
Received Import Request.
  Time since last request: 922.008183 seconds.
  path: Assets/Scripts/Grid2D.cs
  artifactKey: Guid(e17056b361776334eae13f3f18f859dd) Importer(815301076,1909f56bfc062723c751e8b465ee728b)
Start importing Assets/Scripts/Grid2D.cs using Guid(e17056b361776334eae13f3f18f859dd) Importer(815301076,1909f56bfc062723c751e8b465ee728b)  -> (artifact id: '6be3dba432cf1923cccc5a41333487c8') in 0.001839 seconds
  Import took 0.003780 seconds .

========================================================================
Received Import Request.
  Time since last request: 14.189917 seconds.
  path: Assets/Scripts/Grid2D.cs
  artifactKey: Guid(e17056b361776334eae13f3f18f859dd) Importer(815301076,1909f56bfc062723c751e8b465ee728b)
Start importing Assets/Scripts/Grid2D.cs using Guid(e17056b361776334eae13f3f18f859dd) Importer(815301076,1909f56bfc062723c751e8b465ee728b)  -> (artifact id: 'eef32954ca87cccd580321a388de0868') in 0.002191 seconds
  Import took 0.003920 seconds .

========================================================================
Received Import Request.
  Time since last request: 26.815890 seconds.
  path: Assets/Scripts/Grid2D.cs
  artifactKey: Guid(e17056b361776334eae13f3f18f859dd) Importer(815301076,1909f56bfc062723c751e8b465ee728b)
Start importing Assets/Scripts/Grid2D.cs using Guid(e17056b361776334eae13f3f18f859dd) Importer(815301076,1909f56bfc062723c751e8b465ee728b)  -> (artifact id: '53acfb31a4d731cbc84a88b8f1058686') in 0.009880 seconds
  Import took 0.011878 seconds .

========================================================================
Received Import Request.
  Time since last request: 9.484205 seconds.
  path: Assets/Scripts/Grid2D.cs
  artifactKey: Guid(e17056b361776334eae13f3f18f859dd) Importer(815301076,1909f56bfc062723c751e8b465ee728b)
Start importing Assets/Scripts/Grid2D.cs using Guid(e17056b361776334eae13f3f18f859dd) Importer(815301076,1909f56bfc062723c751e8b465ee728b)  -> (artifact id: 'cd50f52101b49aa20430ed4b7ee89287') in 0.001612 seconds
  Import took 0.003091 seconds .

========================================================================
Received Import Request.
  Time since last request: 11.415420 seconds.
  path: Assets/Scripts/Grid2D.cs
  artifactKey: Guid(e17056b361776334eae13f3f18f859dd) Importer(815301076,1909f56bfc062723c751e8b465ee728b)
Start importing Assets/Scripts/Grid2D.cs using Guid(e17056b361776334eae13f3f18f859dd) Importer(815301076,1909f56bfc062723c751e8b465ee728b)  -> (artifact id: '97506ea4440473ec859acaf4ac0734ef') in 0.001714 seconds
  Import took 0.003458 seconds .

========================================================================
Received Prepare
Registering precompiled user dll's ...
Registered in 0.000661 seconds.
Begin MonoManager ReloadAssembly
Native extension for WindowsStandalone target not found
Refreshing native plugins compatible for Editor in 0.17 ms, found 0 plugins.
Preloading 0 native plugins for Editor in 0.00 ms.
Mono: successfully reloaded assembly
- Completed reload, in  0.655 seconds
Platform modules already initialized, skipping
Refreshing native plugins compatible for Editor in 0.26 ms, found 0 plugins.
Preloading 0 native plugins for Editor in 0.00 ms.
Unloading 1114 Unused Serialized files (Serialized files now loaded: 0)
System memory in use before: 57.2 MB.
System memory in use after: 57.3 MB.

Unloading 5 unused Assets to reduce memory usage. Loaded Objects now: 1565.
Total: 1.290200 ms (FindLiveObjects: 0.128700 ms CreateObjectMapping: 0.033300 ms MarkObjects: 1.086300 ms  DeleteObjects: 0.041100 ms)

========================================================================
Received Import Request.
  Time since last request: 27.392832 seconds.
  path: Assets/Scripts/Grid2D.cs
  artifactKey: Guid(e17056b361776334eae13f3f18f859dd) Importer(815301076,1909f56bfc062723c751e8b465ee728b)
Start importing Assets/Scripts/Grid2D.cs using Guid(e17056b361776334eae13f3f18f859dd) Importer(815301076,1909f56bfc062723c751e8b465ee728b)  -> (artifact id: '1723d8c41d262d621cfa5db285048acb') in 0.013068 seconds
  Import took 0.014576 seconds .

========================================================================
Received Import Request.
  Time since last request: 57.285742 seconds.
  path: Assets/Shaders/TriangleShader.shader
  artifactKey: Guid(f0af6823e0d2d6e4a94eac3c7f45a18e) Importer(815301076,1909f56bfc062723c751e8b465ee728b)
Start importing Assets/Shaders/TriangleShader.shader using Guid(f0af6823e0d2d6e4a94eac3c7f45a18e) Importer(815301076,1909f56bfc062723c751e8b465ee728b)  -> (artifact id: '6359b0e7e608baa091cf8b9e5b4c39b5') in 0.023636 seconds
  Import took 0.025610 seconds .

========================================================================
Received Import Request.
  Time since last request: 0.036289 seconds.
  path: Assets/Shaders/TriangleShader.shader
  artifactKey: Guid(f0af6823e0d2d6e4a94eac3c7f45a18e) Importer(815301076,1909f56bfc062723c751e8b465ee728b)
Start importing Assets/Shaders/TriangleShader.shader using Guid(f0af6823e0d2d6e4a94eac3c7f45a18e) Importer(815301076,1909f56bfc062723c751e8b465ee728b)  -> (artifact id: '6359b0e7e608baa091cf8b9e5b4c39b5') in 0.001819 seconds
  Import took 0.003494 seconds .

========================================================================
Received Import Request.
  Time since last request: 6174.323032 seconds.
  path: Assets/Shaders/TriangleShader.shader
  artifactKey: Guid(f0af6823e0d2d6e4a94eac3c7f45a18e) Importer(815301076,1909f56bfc062723c751e8b465ee728b)
Start importing Assets/Shaders/TriangleShader.shader using Guid(f0af6823e0d2d6e4a94eac3c7f45a18e) Importer(815301076,1909f56bfc062723c751e8b465ee728b)  -> (artifact id: '2860f63c69619fb47d1426957e676390') in 0.012917 seconds
  Import took 0.016080 seconds .

========================================================================
Received Import Request.
  Time since last request: 0.002644 seconds.
  path: Assets/Shaders/ComputeGrid.compute
  artifactKey: Guid(1dacde83da24f5a4eb615cab9b808534) Importer(815301076,1909f56bfc062723c751e8b465ee728b)
Start importing Assets/Shaders/ComputeGrid.compute using Guid(1dacde83da24f5a4eb615cab9b808534) Importer(815301076,1909f56bfc062723c751e8b465ee728b)  -> (artifact id: '8f302420285fe6435a7c870ad31631a1') in 0.018204 seconds
  Import took 0.021473 seconds .

========================================================================
Received Import Request.
  Time since last request: 139.223700 seconds.
  path: Assets/Shaders/TriangleShader.shader
  artifactKey: Guid(f0af6823e0d2d6e4a94eac3c7f45a18e) Importer(815301076,1909f56bfc062723c751e8b465ee728b)
Start importing Assets/Shaders/TriangleShader.shader using Guid(f0af6823e0d2d6e4a94eac3c7f45a18e) Importer(815301076,1909f56bfc062723c751e8b465ee728b)  -> (artifact id: '935091c45747e09ce8b0e95d7dad4127') in 0.005251 seconds
  Import took 0.007840 seconds .

========================================================================
Received Prepare
Registering precompiled user dll's ...
Registered in 0.000801 seconds.
Begin MonoManager ReloadAssembly
Native extension for WindowsStandalone target not found
Refreshing native plugins compatible for Editor in 0.23 ms, found 0 plugins.
Preloading 0 native plugins for Editor in 0.00 ms.
Mono: successfully reloaded assembly
- Completed reload, in  1.280 seconds
Platform modules already initialized, skipping
Refreshing native plugins compatible for Editor in 0.31 ms, found 0 plugins.
Preloading 0 native plugins for Editor in 0.00 ms.
Unloading 1114 Unused Serialized files (Serialized files now loaded: 0)
System memory in use before: 57.2 MB.
System memory in use after: 57.3 MB.

Unloading 5 unused Assets to reduce memory usage. Loaded Objects now: 1568.
Total: 3.490800 ms (FindLiveObjects: 0.251000 ms CreateObjectMapping: 0.040800 ms MarkObjects: 3.067300 ms  DeleteObjects: 0.130400 ms)

========================================================================
Received Prepare
Registering precompiled user dll's ...
Registered in 0.000868 seconds.
Begin MonoManager ReloadAssembly
Native extension for WindowsStandalone target not found
Refreshing native plugins compatible for Editor in 0.22 ms, found 0 plugins.
Preloading 0 native plugins for Editor in 0.00 ms.
Mono: successfully reloaded assembly
- Completed reload, in  0.964 seconds
Platform modules already initialized, skipping
Refreshing native plugins compatible for Editor in 0.23 ms, found 0 plugins.
Preloading 0 native plugins for Editor in 0.00 ms.
Unloading 1114 Unused Serialized files (Serialized files now loaded: 0)
System memory in use before: 57.3 MB.
System memory in use after: 57.3 MB.

Unloading 5 unused Assets to reduce memory usage. Loaded Objects now: 1571.
Total: 1.650700 ms (FindLiveObjects: 0.130200 ms CreateObjectMapping: 0.043000 ms MarkObjects: 1.405400 ms  DeleteObjects: 0.071200 ms)

========================================================================
Received Prepare
Registering precompiled user dll's ...
Registered in 0.001955 seconds.
Begin MonoManager ReloadAssembly
Native extension for WindowsStandalone target not found
Refreshing native plugins compatible for Editor in 0.47 ms, found 0 plugins.
Preloading 0 native plugins for Editor in 0.00 ms.
Mono: successfully reloaded assembly
- Completed reload, in  1.730 seconds
Platform modules already initialized, skipping
Refreshing native plugins compatible for Editor in 0.31 ms, found 0 plugins.
Preloading 0 native plugins for Editor in 0.00 ms.
Unloading 1114 Unused Serialized files (Serialized files now loaded: 0)
System memory in use before: 57.3 MB.
System memory in use after: 57.3 MB.

Unloading 5 unused Assets to reduce memory usage. Loaded Objects now: 1574.
Total: 3.156300 ms (FindLiveObjects: 0.303100 ms CreateObjectMapping: 0.142000 ms MarkObjects: 2.542700 ms  DeleteObjects: 0.167200 ms)

========================================================================
Received Prepare
Registering precompiled user dll's ...
Registered in 0.001018 seconds.
Begin MonoManager ReloadAssembly
Native extension for WindowsStandalone target not found
Refreshing native plugins compatible for Editor in 0.24 ms, found 0 plugins.
Preloading 0 native plugins for Editor in 0.00 ms.
Mono: successfully reloaded assembly
- Completed reload, in  1.042 seconds
Platform modules already initialized, skipping
Refreshing native plugins compatible for Editor in 0.23 ms, found 0 plugins.
Preloading 0 native plugins for Editor in 0.00 ms.
Unloading 1114 Unused Serialized files (Serialized files now loaded: 0)
System memory in use before: 57.3 MB.
System memory in use after: 57.4 MB.

Unloading 5 unused Assets to reduce memory usage. Loaded Objects now: 1577.
Total: 1.993900 ms (FindLiveObjects: 0.171600 ms CreateObjectMapping: 0.045800 ms MarkObjects: 1.713200 ms  DeleteObjects: 0.061600 ms)

========================================================================
Received Prepare
Registering precompiled user dll's ...
Registered in 0.001045 seconds.
Begin MonoManager ReloadAssembly
Native extension for WindowsStandalone target not found
Refreshing native plugins compatible for Editor in 0.23 ms, found 0 plugins.
Preloading 0 native plugins for Editor in 0.00 ms.
Mono: successfully reloaded assembly
- Completed reload, in  1.021 seconds
Platform modules already initialized, skipping
Refreshing native plugins compatible for Editor in 0.23 ms, found 0 plugins.
Preloading 0 native plugins for Editor in 0.00 ms.
Unloading 1114 Unused Serialized files (Serialized files now loaded: 0)
System memory in use before: 57.3 MB.
System memory in use after: 57.4 MB.

Unloading 5 unused Assets to reduce memory usage. Loaded Objects now: 1580.
Total: 1.992800 ms (FindLiveObjects: 0.144900 ms CreateObjectMapping: 0.040900 ms MarkObjects: 1.751100 ms  DeleteObjects: 0.054500 ms)

========================================================================
Received Prepare
Registering precompiled user dll's ...
Registered in 0.001166 seconds.
Begin MonoManager ReloadAssembly
Native extension for WindowsStandalone target not found
Refreshing native plugins compatible for Editor in 0.24 ms, found 0 plugins.
Preloading 0 native plugins for Editor in 0.00 ms.
Mono: successfully reloaded assembly
- Completed reload, in  1.024 seconds
Platform modules already initialized, skipping
Refreshing native plugins compatible for Editor in 0.23 ms, found 0 plugins.
Preloading 0 native plugins for Editor in 0.00 ms.
Unloading 1114 Unused Serialized files (Serialized files now loaded: 0)
System memory in use before: 57.3 MB.
System memory in use after: 57.4 MB.

Unloading 5 unused Assets to reduce memory usage. Loaded Objects now: 1583.
Total: 2.124500 ms (FindLiveObjects: 0.259700 ms CreateObjectMapping: 0.060200 ms MarkObjects: 1.743900 ms  DeleteObjects: 0.058600 ms)

========================================================================
Received Prepare
Registering precompiled user dll's ...
Registered in 0.001306 seconds.
Begin MonoManager ReloadAssembly
Native extension for WindowsStandalone target not found
Refreshing native plugins compatible for Editor in 0.24 ms, found 0 plugins.
Preloading 0 native plugins for Editor in 0.00 ms.
Mono: successfully reloaded assembly
- Completed reload, in  1.053 seconds
Platform modules already initialized, skipping
Refreshing native plugins compatible for Editor in 0.23 ms, found 0 plugins.
Preloading 0 native plugins for Editor in 0.00 ms.
Unloading 1114 Unused Serialized files (Serialized files now loaded: 0)
System memory in use before: 57.3 MB.
System memory in use after: 57.4 MB.

Unloading 5 unused Assets to reduce memory usage. Loaded Objects now: 1586.
Total: 2.026900 ms (FindLiveObjects: 0.153000 ms CreateObjectMapping: 0.046700 ms MarkObjects: 1.767900 ms  DeleteObjects: 0.057700 ms)

========================================================================
Received Prepare
Registering precompiled user dll's ...
Registered in 0.001128 seconds.
Begin MonoManager ReloadAssembly
Native extension for WindowsStandalone target not found
Refreshing native plugins compatible for Editor in 0.24 ms, found 0 plugins.
Preloading 0 native plugins for Editor in 0.00 ms.
Mono: successfully reloaded assembly
- Completed reload, in  1.028 seconds
Platform modules already initialized, skipping
Refreshing native plugins compatible for Editor in 0.23 ms, found 0 plugins.
Preloading 0 native plugins for Editor in 0.00 ms.
Unloading 1114 Unused Serialized files (Serialized files now loaded: 0)
System memory in use before: 57.3 MB.
System memory in use after: 57.4 MB.

Unloading 5 unused Assets to reduce memory usage. Loaded Objects now: 1589.
Total: 1.967100 ms (FindLiveObjects: 0.151800 ms CreateObjectMapping: 0.040700 ms MarkObjects: 1.721000 ms  DeleteObjects: 0.052500 ms)

========================================================================
Received Prepare
Registering precompiled user dll's ...
Registered in 0.000944 seconds.
Begin MonoManager ReloadAssembly
Native extension for WindowsStandalone target not found
Refreshing native plugins compatible for Editor in 0.24 ms, found 0 plugins.
Preloading 0 native plugins for Editor in 0.00 ms.
Mono: successfully reloaded assembly
- Completed reload, in  1.023 seconds
Platform modules already initialized, skipping
Refreshing native plugins compatible for Editor in 0.23 ms, found 0 plugins.
Preloading 0 native plugins for Editor in 0.00 ms.
Unloading 1114 Unused Serialized files (Serialized files now loaded: 0)
System memory in use before: 57.3 MB.
System memory in use after: 57.4 MB.

Unloading 5 unused Assets to reduce memory usage. Loaded Objects now: 1592.
Total: 2.192100 ms (FindLiveObjects: 0.243100 ms CreateObjectMapping: 0.091100 ms MarkObjects: 1.801700 ms  DeleteObjects: 0.054900 ms)

========================================================================
Received Prepare
Registering precompiled user dll's ...
Registered in 0.001006 seconds.
Begin MonoManager ReloadAssembly
Native extension for WindowsStandalone target not found
Refreshing native plugins compatible for Editor in 0.23 ms, found 0 plugins.
Preloading 0 native plugins for Editor in 0.00 ms.
Mono: successfully reloaded assembly
- Completed reload, in  1.014 seconds
Platform modules already initialized, skipping
Refreshing native plugins compatible for Editor in 0.24 ms, found 0 plugins.
Preloading 0 native plugins for Editor in 0.00 ms.
Unloading 1114 Unused Serialized files (Serialized files now loaded: 0)
System memory in use before: 57.3 MB.
System memory in use after: 57.4 MB.

Unloading 5 unused Assets to reduce memory usage. Loaded Objects now: 1595.
Total: 2.114900 ms (FindLiveObjects: 0.214700 ms CreateObjectMapping: 0.048200 ms MarkObjects: 1.799100 ms  DeleteObjects: 0.051600 ms)

========================================================================
Received Prepare
Registering precompiled user dll's ...
Registered in 0.001046 seconds.
Begin MonoManager ReloadAssembly
Native extension for WindowsStandalone target not found
Refreshing native plugins compatible for Editor in 0.24 ms, found 0 plugins.
Preloading 0 native plugins for Editor in 0.00 ms.
Mono: successfully reloaded assembly
- Completed reload, in  1.028 seconds
Platform modules already initialized, skipping
Refreshing native plugins compatible for Editor in 0.22 ms, found 0 plugins.
Preloading 0 native plugins for Editor in 0.00 ms.
Unloading 1114 Unused Serialized files (Serialized files now loaded: 0)
System memory in use before: 57.3 MB.
System memory in use after: 57.4 MB.

Unloading 5 unused Assets to reduce memory usage. Loaded Objects now: 1598.
Total: 2.037400 ms (FindLiveObjects: 0.247800 ms CreateObjectMapping: 0.099800 ms MarkObjects: 1.635700 ms  DeleteObjects: 0.052700 ms)

========================================================================
Received Prepare
Registering precompiled user dll's ...
Registered in 0.001169 seconds.
Begin MonoManager ReloadAssembly
Native extension for WindowsStandalone target not found
Refreshing native plugins compatible for Editor in 0.23 ms, found 0 plugins.
Preloading 0 native plugins for Editor in 0.00 ms.
Mono: successfully reloaded assembly
- Completed reload, in  1.116 seconds
Platform modules already initialized, skipping
Refreshing native plugins compatible for Editor in 0.23 ms, found 0 plugins.
Preloading 0 native plugins for Editor in 0.00 ms.
Unloading 1114 Unused Serialized files (Serialized files now loaded: 0)
System memory in use before: 57.3 MB.
System memory in use after: 57.4 MB.

Unloading 5 unused Assets to reduce memory usage. Loaded Objects now: 1601.
Total: 1.880400 ms (FindLiveObjects: 0.145900 ms CreateObjectMapping: 0.044400 ms MarkObjects: 1.635900 ms  DeleteObjects: 0.053100 ms)

========================================================================
Received Prepare
Registering precompiled user dll's ...
Registered in 0.001028 seconds.
Begin MonoManager ReloadAssembly
Native extension for WindowsStandalone target not found
Refreshing native plugins compatible for Editor in 0.25 ms, found 0 plugins.
Preloading 0 native plugins for Editor in 0.00 ms.
Mono: successfully reloaded assembly
- Completed reload, in  1.024 seconds
Platform modules already initialized, skipping
Refreshing native plugins compatible for Editor in 0.26 ms, found 0 plugins.
Preloading 0 native plugins for Editor in 0.00 ms.
Unloading 1114 Unused Serialized files (Serialized files now loaded: 0)
System memory in use before: 57.3 MB.
System memory in use after: 57.4 MB.

Unloading 5 unused Assets to reduce memory usage. Loaded Objects now: 1604.
Total: 2.116800 ms (FindLiveObjects: 0.192700 ms CreateObjectMapping: 0.053200 ms MarkObjects: 1.809900 ms  DeleteObjects: 0.058800 ms)

========================================================================
Received Prepare
Registering precompiled user dll's ...
Registered in 0.001180 seconds.
Begin MonoManager ReloadAssembly
Native extension for WindowsStandalone target not found
Refreshing native plugins compatible for Editor in 0.24 ms, found 0 plugins.
Preloading 0 native plugins for Editor in 0.00 ms.
Mono: successfully reloaded assembly
- Completed reload, in  1.040 seconds
Platform modules already initialized, skipping
Refreshing native plugins compatible for Editor in 0.23 ms, found 0 plugins.
Preloading 0 native plugins for Editor in 0.00 ms.
Unloading 1114 Unused Serialized files (Serialized files now loaded: 0)
System memory in use before: 57.3 MB.
System memory in use after: 57.4 MB.

Unloading 5 unused Assets to reduce memory usage. Loaded Objects now: 1607.
Total: 2.203100 ms (FindLiveObjects: 0.252200 ms CreateObjectMapping: 0.112300 ms MarkObjects: 1.782100 ms  DeleteObjects: 0.054900 ms)

========================================================================
Received Prepare
Registering precompiled user dll's ...
Registered in 0.001045 seconds.
Begin MonoManager ReloadAssembly
Native extension for WindowsStandalone target not found
Refreshing native plugins compatible for Editor in 0.24 ms, found 0 plugins.
Preloading 0 native plugins for Editor in 0.00 ms.
Mono: successfully reloaded assembly
- Completed reload, in  1.136 seconds
Platform modules already initialized, skipping
Refreshing native plugins compatible for Editor in 0.23 ms, found 0 plugins.
Preloading 0 native plugins for Editor in 0.00 ms.
Unloading 1114 Unused Serialized files (Serialized files now loaded: 0)
System memory in use before: 57.3 MB.
System memory in use after: 57.4 MB.

Unloading 5 unused Assets to reduce memory usage. Loaded Objects now: 1610.
Total: 2.111100 ms (FindLiveObjects: 0.168000 ms CreateObjectMapping: 0.043000 ms MarkObjects: 1.840900 ms  DeleteObjects: 0.057500 ms)

AssetImportWorkerClient::OnTransportError - code=2 error=End of file
